#
# A fatal error has been detected by the Java Runtime Environment:
#
#  EXCEPTION_ACCESS_VIOLATION (0xc0000005) at pc=0x0000000074bb7a66, pid=3408, tid=0x0000000000007438
#
# JRE version: Java(TM) SE Runtime Environment (8.0_202-b08) (build 1.8.0_202-b08)
# Java VM: Java HotSpot(TM) 64-Bit Server VM (25.202-b08 mixed mode windows-amd64 compressed oops)
# Problematic frame:
# V  [jvm.dll+0x237a66]
#
# Failed to write core dump. Minidumps are not enabled by default on client versions of Windows
#
# If you would like to submit a bug report, please visit:
#   http://bugreport.java.com/bugreport/crash.jsp
#

---------------  T H R E A D  ---------------

Current thread (0x0000000018157800):  VMThread [stack: 0x0000000018bc0000,0x0000000018cc0000] [id=29752]

siginfo: ExceptionCode=0xc0000005, reading address 0x0000000000000008

Registers:
RAX=0x0000000000000000, RBX=0x0000000018cbea20, RCX=0x0000000018cbea20, RDX=0x0000000000000028
RSP=0x0000000018cbe750, RBP=0x0000000018cbef60, RSI=0x0000000000000000, RDI=0x0000000018cbf0f0
R8 =0x0000000000000000, R9 =0x000000001ed0f390, R10=0x0000000000000007, R11=0x0000000074f89f48
R12=0x000000001c1759a8, R13=0x0000000018cbef20, R14=0x00000000000003d8, R15=0x0000000018cbef10
RIP=0x0000000074bb7a66, EFLAGS=0x0000000000010206

Top of Stack: (sp=0x0000000018cbe750)
0x0000000018cbe750:   0000000080b45f10 0000000080b45f88
0x0000000018cbe760:   00000000036af838 00000000036af838
0x0000000018cbe770:   0000000080b460f8 0000000080b46160
0x0000000018cbe780:   0000000080b461c8 0000000080b46240
0x0000000018cbe790:   0000000080b462b8 0000000080b46330
0x0000000018cbe7a0:   0000000080b463a8 0000000080b46420
0x0000000018cbe7b0:   0000000080b46498 0000000080b46510
0x0000000018cbe7c0:   0000000080b46588 0000000080b37728
0x0000000018cbe7d0:   0000000080b46600 0000000080b46678
0x0000000018cbe7e0:   0000000080b46678 0000000080b466f0
0x0000000018cbe7f0:   0000000080aef878 0000000080b46758
0x0000000018cbe800:   0000000080ad8500 0000000080ad8448
0x0000000018cbe810:   0000000080b467c8 0000000080b46830
0x0000000018cbe820:   0000000080b468a8 0000000080b46918
0x0000000018cbe830:   0000000080b46980 0000000080b469f0
0x0000000018cbe840:   0000000080b46a58 0000000080b46ad0 

Instructions: (pc=0x0000000074bb7a66)
0x0000000074bb7a46:   01 00 00 48 8b 05 e0 cd 5b 00 48 33 c4 48 89 84
0x0000000074bb7a56:   24 30 01 00 00 4c 63 41 10 48 8b 41 08 48 8b d9
0x0000000074bb7a66:   42 38 54 00 08 74 33 44 0f be c2 48 8d 4c 24 20
0x0000000074bb7a76:   48 8d 15 13 fa 3e 00 e8 7e e2 de ff 48 8d 0d 97 


Register to memory mapping:

RAX=0x0000000000000000 is an unknown value
RBX=0x0000000018cbea20 is an unknown value
RCX=0x0000000018cbea20 is an unknown value
RDX=0x0000000000000028 is an unknown value
RSP=0x0000000018cbe750 is an unknown value
RBP=0x0000000018cbef60 is an unknown value
RSI=0x0000000000000000 is an unknown value
RDI=0x0000000018cbf0f0 is an unknown value
R8 =0x0000000000000000 is an unknown value
R9 =0x000000001ed0f390 is pointing into metadata
R10=0x0000000000000007 is an unknown value
R11=0x0000000074f89f48 is an unknown value
R12=0x000000001c1759a8 is an unknown value
R13=0x0000000018cbef20 is an unknown value
R14=0x00000000000003d8 is an unknown value
R15=0x0000000018cbef10 is an unknown value


Stack: [0x0000000018bc0000,0x0000000018cc0000],  sp=0x0000000018cbe750,  free space=1017k
Native frames: (J=compiled Java code, j=interpreted, Vv=VM code, C=native code)
V  [jvm.dll+0x237a66]
V  [jvm.dll+0x2380e4]
V  [jvm.dll+0xff773]
V  [jvm.dll+0x102863]
V  [jvm.dll+0x10332f]
V  [jvm.dll+0x103b75]
V  [jvm.dll+0x103dc2]
V  [jvm.dll+0xc529e]
V  [jvm.dll+0xc5928]
V  [jvm.dll+0xc5f09]
V  [jvm.dll+0x10fc2a]
V  [jvm.dll+0x12d5bf]
V  [jvm.dll+0x1bf7ff]
V  [jvm.dll+0x24d5d7]
V  [jvm.dll+0x24c876]
V  [jvm.dll+0x24cd11]
V  [jvm.dll+0x24cf2e]
V  [jvm.dll+0x29fc6a]
C  [msvcr100.dll+0x21d9f]
C  [msvcr100.dll+0x21e3b]
C  [KERNEL32.DLL+0x17614]
C  [ntdll.dll+0x526a1]

VM_Operation (0x00000000192bf4b0): GetOrSetLocal, mode: safepoint, requested by thread 0x00000000181a3000


---------------  P R O C E S S  ---------------

Java Threads: ( => current thread )
  0x000000001b114000 JavaThread "AsyncHttpClient-1-5" daemon [_thread_in_native, id=28960, stack(0x00000000012d0000,0x00000000013d0000)]
  0x000000001b112800 JavaThread "AsyncHttpClient-1-4" daemon [_thread_in_native, id=22680, stack(0x00000000226e0000,0x00000000227e0000)]
  0x000000001b111000 JavaThread "AsyncHttpClient-1-3" daemon [_thread_in_native, id=28872, stack(0x00000000220d0000,0x00000000221d0000)]
  0x000000001b3ef800 JavaThread "AsyncHttpClient-1-2" daemon [_thread_in_native, id=13236, stack(0x0000000020370000,0x0000000020470000)]
  0x000000001af74800 JavaThread "Exec Stream Pumper" daemon [_thread_in_native, id=19152, stack(0x0000000021bc0000,0x0000000021cc0000)]
  0x000000001c0c0800 JavaThread "Exec Stream Pumper" daemon [_thread_in_native, id=3736, stack(0x0000000021ac0000,0x0000000021bc0000)]
  0x000000001ae39000 JavaThread "Driver Service Executor" daemon [_thread_blocked, id=32376, stack(0x000000001efc0000,0x000000001f0c0000)]
  0x000000001c671000 JavaThread "Driver Service Executor" daemon [_thread_blocked, id=20832, stack(0x000000001eec0000,0x000000001efc0000)]
  0x000000001a5ad800 JavaThread "Exec Default Executor" daemon [_thread_in_native, id=12284, stack(0x000000001edc0000,0x000000001eec0000)]
  0x000000001aa6f000 JavaThread "AsyncHttpClient-1-1" daemon [_thread_blocked, id=8772, stack(0x000000001d670000,0x000000001d770000)]
  0x000000001a4e6000 JavaThread "ReaderThread" [_thread_in_native, id=10644, stack(0x000000001b590000,0x000000001b690000)]
  0x0000000018221000 JavaThread "Service Thread" daemon [_thread_blocked, id=31408, stack(0x00000000196c0000,0x00000000197c0000)]
  0x00000000181ca000 JavaThread "C1 CompilerThread1" daemon [_thread_blocked, id=13828, stack(0x00000000195c0000,0x00000000196c0000)]
  0x00000000181c8800 JavaThread "C2 CompilerThread0" daemon [_thread_blocked, id=32736, stack(0x00000000194c0000,0x00000000195c0000)]
  0x00000000181b2000 JavaThread "JDWP Command Reader" daemon [_thread_in_native, id=1256, stack(0x00000000193c0000,0x00000000194c0000)]
  0x00000000181af800 JavaThread "JDWP Event Helper Thread" daemon [_thread_blocked, id=8644, stack(0x00000000192c0000,0x00000000193c0000)]
  0x00000000181a3000 JavaThread "JDWP Transport Listener: dt_socket" daemon [_thread_blocked, id=21204, stack(0x00000000191c0000,0x00000000192c0000)]
  0x0000000018196000 JavaThread "Attach Listener" daemon [_thread_blocked, id=12728, stack(0x00000000190c0000,0x00000000191c0000)]
  0x000000001818f800 JavaThread "Signal Dispatcher" daemon [_thread_blocked, id=22164, stack(0x0000000018fc0000,0x00000000190c0000)]
  0x00000000037ae000 JavaThread "Finalizer" daemon [_thread_blocked, id=26700, stack(0x0000000018dc0000,0x0000000018ec0000)]
  0x00000000037a6800 JavaThread "Reference Handler" daemon [_thread_blocked, id=25560, stack(0x0000000018cc0000,0x0000000018dc0000)]
  0x00000000036b9000 JavaThread "main" [_thread_blocked, id=19876, stack(0x00000000035b0000,0x00000000036b0000)]

Other Threads:
=>0x0000000018157800 VMThread [stack: 0x0000000018bc0000,0x0000000018cc0000] [id=29752]
  0x0000000019812800 WatcherThread [stack: 0x0000000019bc0000,0x0000000019cc0000] [id=32292]

VM state:at safepoint (normal execution)

VM Mutex/Monitor currently owned by a thread:  ([mutex/lock_event])
[0x00000000036b6920] Threads_lock - owner thread: 0x0000000018157800

heap address: 0x0000000080000000, size: 2048 MB, Compressed Oops mode: 32-bit
Narrow klass base: 0x0000000000000000, Narrow klass shift: 3
Compressed class space size: 1073741824 Address: 0x0000000100000000

Heap:
 PSYoungGen      total 167424K, used 74953K [0x00000000d5580000, 0x00000000e0d00000, 0x0000000100000000)
  eden space 154112K, 40% used [0x00000000d5580000,0x00000000d91ddfc0,0x00000000dec00000)
  from space 13312K, 98% used [0x00000000dfa80000,0x00000000e0754810,0x00000000e0780000)
  to   space 14848K, 0% used [0x00000000dec00000,0x00000000dec00000,0x00000000dfa80000)
 ParOldGen       total 84480K, used 15089K [0x0000000080000000, 0x0000000085280000, 0x00000000d5580000)
  object space 84480K, 17% used [0x0000000080000000,0x0000000080ebc6b8,0x0000000085280000)
 Metaspace       used 38645K, capacity 40176K, committed 40408K, reserved 1083392K
  class space    used 5217K, capacity 5552K, committed 5632K, reserved 1048576K

Card table byte_map: [0x0000000012b70000,0x0000000012f80000] byte_map_base: 0x0000000012770000

Marking Bits: (ParMarkBitMap*) 0x00000000751a5ce0
 Begin Bits: [0x0000000013430000, 0x0000000015430000)
 End Bits:   [0x0000000015430000, 0x0000000017430000)

Polling page: 0x0000000003110000

CodeCache: size=245760Kb used=11905Kb max_used=11916Kb free=233854Kb
 bounds [0x00000000037b0000, 0x0000000004370000, 0x00000000127b0000]
 total_blobs=4188 nmethods=3613 adapters=494
 compilation: enabled

Compilation events (10 events):
Event: 670.504 Thread 0x00000000181ca000 4186       3       org.openqa.selenium.json.ObjectCoercer$$Lambda$279/2130242983::apply (16 bytes)
Event: 670.505 Thread 0x00000000181ca000 nmethod 4186 0x0000000003d49650 code [0x0000000003d497c0, 0x0000000003d49b48]
Event: 670.505 Thread 0x00000000181ca000 4188       3       org.openqa.selenium.remote.ErrorCodes$$Lambda$462/1545816352::test (12 bytes)
Event: 670.505 Thread 0x00000000181c8800 4189       4       java.util.Objects::requireNonNull (15 bytes)
Event: 670.505 Thread 0x00000000181ca000 nmethod 4188 0x0000000003cd79d0 code [0x0000000003cd7b40, 0x0000000003cd7ee8]
Event: 670.505 Thread 0x00000000181ca000 4187       3       org.openqa.selenium.json.ObjectCoercer::lambda$apply$0 (119 bytes)
Event: 670.505 Thread 0x00000000181c8800 nmethod 4189 0x0000000003c63790 code [0x0000000003c638c0, 0x0000000003c63918]
Event: 670.506 Thread 0x00000000181ca000 nmethod 4187 0x0000000003aa7f50 code [0x0000000003aa81a0, 0x0000000003aa8ea8]
Event: 695.917 Thread 0x00000000181ca000 4190       3       org.asynchttpclient.netty.channel.DefaultChannelPool::isTtlExpired (55 bytes)
Event: 695.918 Thread 0x00000000181ca000 nmethod 4190 0x00000000041dc510 code [0x00000000041dc6a0, 0x00000000041dcc08]

GC Heap History (10 events):
Event: 4.812 GC heap before
{Heap before GC invocations=6 (full 1):
 PSYoungGen      total 71680K, used 66560K [0x00000000d5580000, 0x00000000da080000, 0x0000000100000000)
  eden space 66560K, 100% used [0x00000000d5580000,0x00000000d9680000,0x00000000d9680000)
  from space 5120K, 0% used [0x00000000d9b80000,0x00000000d9b80000,0x00000000da080000)
  to   space 5120K, 0% used [0x00000000d9680000,0x00000000d9680000,0x00000000d9b80000)
 ParOldGen       total 57856K, used 6265K [0x0000000080000000, 0x0000000083880000, 0x00000000d5580000)
  object space 57856K, 10% used [0x0000000080000000,0x000000008061e7e0,0x0000000083880000)
 Metaspace       used 25058K, capacity 25638K, committed 25856K, reserved 1071104K
  class space    used 3382K, capacity 3537K, committed 3584K, reserved 1048576K
Event: 4.853 GC heap after
Heap after GC invocations=6 (full 1):
 PSYoungGen      total 71680K, used 5094K [0x00000000d5580000, 0x00000000dcb80000, 0x0000000100000000)
  eden space 66560K, 0% used [0x00000000d5580000,0x00000000d5580000,0x00000000d9680000)
  from space 5120K, 99% used [0x00000000d9680000,0x00000000d9b79988,0x00000000d9b80000)
  to   space 10240K, 0% used [0x00000000dc180000,0x00000000dc180000,0x00000000dcb80000)
 ParOldGen       total 57856K, used 12009K [0x0000000080000000, 0x0000000083880000, 0x00000000d5580000)
  object space 57856K, 20% used [0x0000000080000000,0x0000000080bba728,0x0000000083880000)
 Metaspace       used 25058K, capacity 25638K, committed 25856K, reserved 1071104K
  class space    used 3382K, capacity 3537K, committed 3584K, reserved 1048576K
}
Event: 10.284 GC heap before
{Heap before GC invocations=7 (full 1):
 PSYoungGen      total 71680K, used 71654K [0x00000000d5580000, 0x00000000dcb80000, 0x0000000100000000)
  eden space 66560K, 100% used [0x00000000d5580000,0x00000000d9680000,0x00000000d9680000)
  from space 5120K, 99% used [0x00000000d9680000,0x00000000d9b79988,0x00000000d9b80000)
  to   space 10240K, 0% used [0x00000000dc180000,0x00000000dc180000,0x00000000dcb80000)
 ParOldGen       total 57856K, used 12009K [0x0000000080000000, 0x0000000083880000, 0x00000000d5580000)
  object space 57856K, 20% used [0x0000000080000000,0x0000000080bba728,0x0000000083880000)
 Metaspace       used 33310K, capacity 34398K, committed 34432K, reserved 1079296K
  class space    used 4486K, capacity 4735K, committed 4736K, reserved 1048576K
Event: 10.301 GC heap after
Heap after GC invocations=7 (full 1):
 PSYoungGen      total 106496K, used 10213K [0x00000000d5580000, 0x00000000dcd80000, 0x0000000100000000)
  eden space 96256K, 0% used [0x00000000d5580000,0x00000000d5580000,0x00000000db380000)
  from space 10240K, 99% used [0x00000000dc180000,0x00000000dcb79448,0x00000000dcb80000)
  to   space 13312K, 0% used [0x00000000db380000,0x00000000db380000,0x00000000dc080000)
 ParOldGen       total 57856K, used 14695K [0x0000000080000000, 0x0000000083880000, 0x00000000d5580000)
  object space 57856K, 25% used [0x0000000080000000,0x0000000080e59de8,0x0000000083880000)
 Metaspace       used 33310K, capacity 34398K, committed 34432K, reserved 1079296K
  class space    used 4486K, capacity 4735K, committed 4736K, reserved 1048576K
}
Event: 10.420 GC heap before
{Heap before GC invocations=8 (full 1):
 PSYoungGen      total 106496K, used 17851K [0x00000000d5580000, 0x00000000dcd80000, 0x0000000100000000)
  eden space 96256K, 7% used [0x00000000d5580000,0x00000000d5cf5b10,0x00000000db380000)
  from space 10240K, 99% used [0x00000000dc180000,0x00000000dcb79448,0x00000000dcb80000)
  to   space 13312K, 0% used [0x00000000db380000,0x00000000db380000,0x00000000dc080000)
 ParOldGen       total 57856K, used 14695K [0x0000000080000000, 0x0000000083880000, 0x00000000d5580000)
  object space 57856K, 25% used [0x0000000080000000,0x0000000080e59de8,0x0000000083880000)
 Metaspace       used 34124K, capacity 35304K, committed 35416K, reserved 1079296K
  class space    used 4622K, capacity 4926K, committed 4992K, reserved 1048576K
Event: 10.433 GC heap after
Heap after GC invocations=8 (full 1):
 PSYoungGen      total 109568K, used 9043K [0x00000000d5580000, 0x00000000e0780000, 0x0000000100000000)
  eden space 96256K, 0% used [0x00000000d5580000,0x00000000d5580000,0x00000000db380000)
  from space 13312K, 67% used [0x00000000db380000,0x00000000dbc54c30,0x00000000dc080000)
  to   space 13312K, 0% used [0x00000000dfa80000,0x00000000dfa80000,0x00000000e0780000)
 ParOldGen       total 57856K, used 14703K [0x0000000080000000, 0x0000000083880000, 0x00000000d5580000)
  object space 57856K, 25% used [0x0000000080000000,0x0000000080e5bde8,0x0000000083880000)
 Metaspace       used 34124K, capacity 35304K, committed 35416K, reserved 1079296K
  class space    used 4622K, capacity 4926K, committed 4992K, reserved 1048576K
}
Event: 10.433 GC heap before
{Heap before GC invocations=9 (full 2):
 PSYoungGen      total 109568K, used 9043K [0x00000000d5580000, 0x00000000e0780000, 0x0000000100000000)
  eden space 96256K, 0% used [0x00000000d5580000,0x00000000d5580000,0x00000000db380000)
  from space 13312K, 67% used [0x00000000db380000,0x00000000dbc54c30,0x00000000dc080000)
  to   space 13312K, 0% used [0x00000000dfa80000,0x00000000dfa80000,0x00000000e0780000)
 ParOldGen       total 57856K, used 14703K [0x0000000080000000, 0x0000000083880000, 0x00000000d5580000)
  object space 57856K, 25% used [0x0000000080000000,0x0000000080e5bde8,0x0000000083880000)
 Metaspace       used 34124K, capacity 35304K, committed 35416K, reserved 1079296K
  class space    used 4622K, capacity 4926K, committed 4992K, reserved 1048576K
Event: 10.497 GC heap after
Heap after GC invocations=9 (full 2):
 PSYoungGen      total 109568K, used 0K [0x00000000d5580000, 0x00000000e0780000, 0x0000000100000000)
  eden space 96256K, 0% used [0x00000000d5580000,0x00000000d5580000,0x00000000db380000)
  from space 13312K, 0% used [0x00000000db380000,0x00000000db380000,0x00000000dc080000)
  to   space 13312K, 0% used [0x00000000dfa80000,0x00000000dfa80000,0x00000000e0780000)
 ParOldGen       total 84480K, used 15081K [0x0000000080000000, 0x0000000085280000, 0x00000000d5580000)
  object space 84480K, 17% used [0x0000000080000000,0x0000000080eba6b8,0x0000000085280000)
 Metaspace       used 34124K, capacity 35304K, committed 35416K, reserved 1079296K
  class space    used 4622K, capacity 4926K, committed 4992K, reserved 1048576K
}
Event: 90.742 GC heap before
{Heap before GC invocations=10 (full 2):
 PSYoungGen      total 109568K, used 96245K [0x00000000d5580000, 0x00000000e0780000, 0x0000000100000000)
  eden space 96256K, 99% used [0x00000000d5580000,0x00000000db37d6a0,0x00000000db380000)
  from space 13312K, 0% used [0x00000000db380000,0x00000000db380000,0x00000000dc080000)
  to   space 13312K, 0% used [0x00000000dfa80000,0x00000000dfa80000,0x00000000e0780000)
 ParOldGen       total 84480K, used 15081K [0x0000000080000000, 0x0000000085280000, 0x00000000d5580000)
  object space 84480K, 17% used [0x0000000080000000,0x0000000080eba6b8,0x0000000085280000)
 Metaspace       used 38155K, capacity 39648K, committed 39896K, reserved 1083392K
  class space    used 5182K, capacity 5526K, committed 5632K, reserved 1048576K
Event: 90.756 GC heap after
Heap after GC invocations=10 (full 2):
 PSYoungGen      total 167424K, used 13138K [0x00000000d5580000, 0x00000000e0d00000, 0x0000000100000000)
  eden space 154112K, 0% used [0x00000000d5580000,0x00000000d5580000,0x00000000dec00000)
  from space 13312K, 98% used [0x00000000dfa80000,0x00000000e0754810,0x00000000e0780000)
  to   space 14848K, 0% used [0x00000000dec00000,0x00000000dec00000,0x00000000dfa80000)
 ParOldGen       total 84480K, used 15089K [0x0000000080000000, 0x0000000085280000, 0x00000000d5580000)
  object space 84480K, 17% used [0x0000000080000000,0x0000000080ebc6b8,0x0000000085280000)
 Metaspace       used 38155K, capacity 39648K, committed 39896K, reserved 1083392K
  class space    used 5182K, capacity 5526K, committed 5632K, reserved 1048576K
}

Deoptimization events (10 events):
Event: 116.520 Thread 0x00000000036b9000 Uncommon trap: reason=unhandled action=none pc=0x0000000003d79b34 method=java.net.URLClassLoader.findClass(Ljava/lang/String;)Ljava/lang/Class; @ 44
Event: 116.520 Thread 0x00000000036b9000 Uncommon trap: reason=unhandled action=none pc=0x0000000003d79b34 method=java.net.URLClassLoader.findClass(Ljava/lang/String;)Ljava/lang/Class; @ 44
Event: 119.777 Thread 0x00000000036b9000 Uncommon trap: reason=unhandled action=none pc=0x0000000003d79b34 method=java.net.URLClassLoader.findClass(Ljava/lang/String;)Ljava/lang/Class; @ 44
Event: 119.778 Thread 0x00000000036b9000 Uncommon trap: reason=unhandled action=none pc=0x0000000003d79b34 method=java.net.URLClassLoader.findClass(Ljava/lang/String;)Ljava/lang/Class; @ 44
Event: 119.779 Thread 0x00000000036b9000 Uncommon trap: reason=unhandled action=none pc=0x0000000003d79b34 method=java.net.URLClassLoader.findClass(Ljava/lang/String;)Ljava/lang/Class; @ 44
Event: 119.780 Thread 0x00000000036b9000 Uncommon trap: reason=unhandled action=none pc=0x0000000003d79b34 method=java.net.URLClassLoader.findClass(Ljava/lang/String;)Ljava/lang/Class; @ 44
Event: 119.780 Thread 0x00000000036b9000 Uncommon trap: reason=unhandled action=none pc=0x0000000003d79b34 method=java.net.URLClassLoader.findClass(Ljava/lang/String;)Ljava/lang/Class; @ 44
Event: 284.151 Thread 0x00000000036b9000 Uncommon trap: reason=unhandled action=none pc=0x0000000003d79b34 method=java.net.URLClassLoader.findClass(Ljava/lang/String;)Ljava/lang/Class; @ 44
Event: 284.154 Thread 0x00000000036b9000 Uncommon trap: reason=unhandled action=none pc=0x0000000003d79b34 method=java.net.URLClassLoader.findClass(Ljava/lang/String;)Ljava/lang/Class; @ 44
Event: 284.155 Thread 0x00000000036b9000 Uncommon trap: reason=unhandled action=none pc=0x0000000003d79b34 method=java.net.URLClassLoader.findClass(Ljava/lang/String;)Ljava/lang/Class; @ 44

Classes redefined (1 events):
Event: 764.516 Thread 0x0000000018157800 redefined class name=com.pge.application.PageObjects.TAMI_EndPoint_Data, count=1

Internal exceptions (10 events):
Event: 63.313 Thread 0x00000000036b9000 Exception <a 'java/lang/NoSuchMethodError': java.lang.Object.lambda$maxBy$1(Ljava/util/Comparator;Ljava/lang/Object;Ljava/lang/Object;)Ljava/lang/Object;> (0x00000000d8854f60) thrown at [C:\re\workspace\8-2-build-windows-amd64-cygwin\jdk8u202\12323\hotspo
Event: 67.166 Thread 0x00000000036b9000 Exception <a 'sun/nio/fs/WindowsException'> (0x00000000d9123d28) thrown at [C:\re\workspace\8-2-build-windows-amd64-cygwin\jdk8u202\12323\hotspot\src\share\vm\prims\jni.cpp, line 710]
Event: 74.281 Thread 0x00000000036b9000 Exception <a 'sun/nio/fs/WindowsException'> (0x00000000d9892778) thrown at [C:\re\workspace\8-2-build-windows-amd64-cygwin\jdk8u202\12323\hotspot\src\share\vm\prims\jni.cpp, line 710]
Event: 82.455 Thread 0x00000000036b9000 Exception <a 'sun/nio/fs/WindowsException'> (0x00000000d9c655d0) thrown at [C:\re\workspace\8-2-build-windows-amd64-cygwin\jdk8u202\12323\hotspot\src\share\vm\prims\jni.cpp, line 710]
Event: 86.484 Thread 0x00000000036b9000 Exception <a 'sun/nio/fs/WindowsException'> (0x00000000da550420) thrown at [C:\re\workspace\8-2-build-windows-amd64-cygwin\jdk8u202\12323\hotspot\src\share\vm\prims\jni.cpp, line 710]
Event: 90.826 Thread 0x00000000036b9000 Exception <a 'sun/nio/fs/WindowsException'> (0x00000000d57bfb28) thrown at [C:\re\workspace\8-2-build-windows-amd64-cygwin\jdk8u202\12323\hotspot\src\share\vm\prims\jni.cpp, line 710]
Event: 95.184 Thread 0x00000000036b9000 Exception <a 'sun/nio/fs/WindowsException'> (0x00000000d64325a8) thrown at [C:\re\workspace\8-2-build-windows-amd64-cygwin\jdk8u202\12323\hotspot\src\share\vm\prims\jni.cpp, line 710]
Event: 99.243 Thread 0x00000000036b9000 Exception <a 'sun/nio/fs/WindowsException'> (0x00000000d6c37b90) thrown at [C:\re\workspace\8-2-build-windows-amd64-cygwin\jdk8u202\12323\hotspot\src\share\vm\prims\jni.cpp, line 710]
Event: 102.521 Thread 0x00000000036b9000 Exception <a 'sun/nio/fs/WindowsException'> (0x00000000d7743f28) thrown at [C:\re\workspace\8-2-build-windows-amd64-cygwin\jdk8u202\12323\hotspot\src\share\vm\prims\jni.cpp, line 710]
Event: 116.509 Thread 0x00000000036b9000 Exception <a 'sun/nio/fs/WindowsException'> (0x00000000d7fee828) thrown at [C:\re\workspace\8-2-build-windows-amd64-cygwin\jdk8u202\12323\hotspot\src\share\vm\prims\jni.cpp, line 710]

Events (10 events):
Event: 765.789 Executing VM operation: GetCurrentContendedMonitor done
Event: 765.789 Executing VM operation: GetOwnedMonitorInfo
Event: 765.789 Executing VM operation: GetOwnedMonitorInfo done
Event: 765.790 Executing VM operation: GetCurrentContendedMonitor
Event: 765.790 Executing VM operation: GetCurrentContendedMonitor done
Event: 765.791 Executing VM operation: GetCurrentContendedMonitor
Event: 765.791 Executing VM operation: GetCurrentContendedMonitor done
Event: 765.791 Executing VM operation: GetOwnedMonitorInfo
Event: 765.791 Executing VM operation: GetOwnedMonitorInfo done
Event: 767.350 Executing VM operation: GetOrSetLocal


Dynamic libraries:
0x00007ff6af5a0000 - 0x00007ff6af5d7000 	C:\Program Files\Java\jre1.8.0_202\bin\javaw.exe
0x00007ffdba4d0000 - 0x00007ffdba6c8000 	C:\WINDOWS\SYSTEM32\ntdll.dll
0x00007ffdb98a0000 - 0x00007ffdb995f000 	C:\WINDOWS\System32\KERNEL32.DLL
0x00007ffdb7fd0000 - 0x00007ffdb82c6000 	C:\WINDOWS\System32\KERNELBASE.dll
0x00007ffdba3e0000 - 0x00007ffdba48f000 	C:\WINDOWS\System32\ADVAPI32.dll
0x00007ffdb8b70000 - 0x00007ffdb8c0e000 	C:\WINDOWS\System32\msvcrt.dll
0x00007ffdb90e0000 - 0x00007ffdb917c000 	C:\WINDOWS\System32\sechost.dll
0x00007ffdb9710000 - 0x00007ffdb9836000 	C:\WINDOWS\System32\RPCRT4.dll
0x00007ffdba240000 - 0x00007ffdba3dd000 	C:\WINDOWS\System32\USER32.dll
0x00007ffdb7fa0000 - 0x00007ffdb7fc2000 	C:\WINDOWS\System32\win32u.dll
0x00007ffdb9680000 - 0x00007ffdb96ac000 	C:\WINDOWS\System32\GDI32.dll
0x00007ffdb8380000 - 0x00007ffdb8495000 	C:\WINDOWS\System32\gdi32full.dll
0x00007ffdb7d70000 - 0x00007ffdb7e0d000 	C:\WINDOWS\System32\msvcp_win.dll
0x00007ffdb7c70000 - 0x00007ffdb7d70000 	C:\WINDOWS\System32\ucrtbase.dll
0x00007ffdb3b40000 - 0x00007ffdb3dda000 	C:\WINDOWS\WinSxS\amd64_microsoft.windows.common-controls_6595b64144ccf1df_6.0.19041.1110_none_60b5254171f9507e\COMCTL32.dll
0x00007ffdb9280000 - 0x00007ffdb92b0000 	C:\WINDOWS\System32\IMM32.DLL
0x0000000180000000 - 0x00000001800b1000 	C:\Program Files (x86)\PharosSystems\PrintScout\AppProfiler.x64.dll
0x00007ffdb9a10000 - 0x00007ffdba154000 	C:\WINDOWS\System32\SHELL32.dll
0x00007ffdb9840000 - 0x00007ffdb9895000 	C:\WINDOWS\System32\SHLWAPI.dll
0x00007ffdb8c10000 - 0x00007ffdb8d3a000 	C:\WINDOWS\System32\ole32.dll
0x00007ffdb9320000 - 0x00007ffdb9674000 	C:\WINDOWS\System32\combase.dll
0x00007ffdb9010000 - 0x00007ffdb90dd000 	C:\WINDOWS\System32\OLEAUT32.dll
0x00007ffdab8e0000 - 0x00007ffdab978000 	C:\WINDOWS\SYSTEM32\WINSPOOL.DRV
0x00007ffdb7820000 - 0x00007ffdb782a000 	C:\WINDOWS\SYSTEM32\VERSION.dll
0x00007ffdb65e0000 - 0x00007ffdb6613000 	C:\WINDOWS\SYSTEM32\ntmarta.dll
0x00007ffdb7910000 - 0x00007ffdb7948000 	C:\Program Files\Citrix\System32\MfApHook64.dll
0x00007ffdb78f0000 - 0x00007ffdb7902000 	C:\Program Files\Citrix\IcaService\FullScreenHook64.dll
0x00007ffd9f9f0000 - 0x00007ffd9fa06000 	C:\Program Files\Java\jre1.8.0_202\bin\VCRUNTIME140.dll
0x00007ffd95680000 - 0x00007ffd9571c000 	C:\Program Files\Java\jre1.8.0_202\bin\MSVCP140.dll
0x00007ffdb7300000 - 0x00007ffdb732a000 	C:\Program Files\Citrix\ICAService\ShellHook64.dll
0x00007ffdb7330000 - 0x00007ffdb743f000 	C:\Program Files\Citrix\IcaService\SCardHook64.dll
0x00007ffdb71f0000 - 0x00007ffdb7210000 	C:\Program Files\Citrix\ICAService\cxinjime64.dll
0x00007ffdb71c0000 - 0x00007ffdb71ec000 	C:\Program Files\Citrix\ICAService\PicaWtsHook64.dll
0x00007ffdb7210000 - 0x00007ffdb724c000 	C:\WINDOWS\SYSTEM32\privman64.dll
0x00007ffdb7a70000 - 0x00007ffdb7a9e000 	C:\WINDOWS\SYSTEM32\USERENV.dll
0x00000000748a0000 - 0x0000000074972000 	C:\Program Files\Java\jre1.8.0_202\bin\msvcr100.dll
0x0000000074980000 - 0x0000000075225000 	C:\Program Files\Java\jre1.8.0_202\bin\server\jvm.dll
0x00007ffdb8b50000 - 0x00007ffdb8b58000 	C:\WINDOWS\System32\PSAPI.DLL
0x00007ffd9fd30000 - 0x00007ffd9fd39000 	C:\WINDOWS\SYSTEM32\WSOCK32.dll
0x00007ffda8ce0000 - 0x00007ffda8d07000 	C:\WINDOWS\SYSTEM32\WINMM.dll
0x00007ffdb92b0000 - 0x00007ffdb931b000 	C:\WINDOWS\System32\WS2_32.dll
0x00007ffdb20d0000 - 0x00007ffdb20df000 	C:\Program Files\Java\jre1.8.0_202\bin\verify.dll
0x00007ffd779a0000 - 0x00007ffd779c9000 	C:\Program Files\Java\jre1.8.0_202\bin\java.dll
0x00007ffd95640000 - 0x00007ffd95675000 	C:\Program Files\Java\jre1.8.0_202\bin\jdwp.dll
0x00007ffd9c3c0000 - 0x00007ffd9c3c8000 	C:\Program Files\Java\jre1.8.0_202\bin\npt.dll
0x00007ffd8fe60000 - 0x00007ffd8fe76000 	C:\Program Files\Java\jre1.8.0_202\bin\zip.dll
0x00007ffdb4580000 - 0x00007ffdb4d13000 	C:\WINDOWS\SYSTEM32\windows.storage.dll
0x00007ffdb6e40000 - 0x00007ffdb6e6e000 	C:\WINDOWS\SYSTEM32\Wldp.dll
0x00007ffdb8f60000 - 0x00007ffdb900d000 	C:\WINDOWS\System32\SHCORE.dll
0x00007ffdb7af0000 - 0x00007ffdb7b0f000 	C:\WINDOWS\SYSTEM32\profapi.dll
0x00007ffd98fd0000 - 0x00007ffd98fd9000 	C:\Program Files\Java\jre1.8.0_202\bin\dt_socket.dll
0x00007ffdab760000 - 0x00007ffdab777000 	C:\WINDOWS\system32\napinsp.dll
0x00007ffdab740000 - 0x00007ffdab75b000 	C:\WINDOWS\system32\pnrpnsp.dll
0x00007ffdab720000 - 0x00007ffdab735000 	C:\WINDOWS\system32\wshbth.dll
0x00007ffdad1f0000 - 0x00007ffdad20d000 	C:\WINDOWS\system32\NLAapi.dll
0x00007ffdb6890000 - 0x00007ffdb68cc000 	C:\WINDOWS\SYSTEM32\IPHLPAPI.DLL
0x00007ffdb6ba0000 - 0x00007ffdb6c0a000 	C:\WINDOWS\System32\mswsock.dll
0x00007ffdb68e0000 - 0x00007ffdb69ab000 	C:\WINDOWS\SYSTEM32\DNSAPI.dll
0x00007ffdb8b60000 - 0x00007ffdb8b68000 	C:\WINDOWS\System32\NSI.dll
0x00007ffdab700000 - 0x00007ffdab712000 	C:\WINDOWS\System32\winrnr.dll
0x00007ffdadca0000 - 0x00007ffdadd22000 	C:\WINDOWS\System32\fwpuclnt.dll
0x00007ffdb7f70000 - 0x00007ffdb7f97000 	C:\WINDOWS\System32\bcrypt.dll
0x00007ffdab6f0000 - 0x00007ffdab6fa000 	C:\Windows\System32\rasadhlp.dll
0x00007ffd5dbf0000 - 0x00007ffd5dc0a000 	C:\Program Files\Java\jre1.8.0_202\bin\net.dll
0x00007ffdaf950000 - 0x00007ffdafb3c000 	C:\WINDOWS\SYSTEM32\urlmon.dll
0x00007ffdb60b0000 - 0x00007ffdb60d8000 	C:\WINDOWS\SYSTEM32\srvcli.dll
0x00007ffdb68d0000 - 0x00007ffdb68dc000 	C:\WINDOWS\SYSTEM32\netutils.dll
0x00007ffdb0340000 - 0x00007ffdb05f1000 	C:\WINDOWS\SYSTEM32\iertutil.dll
0x00007ffdb6d90000 - 0x00007ffdb6da8000 	C:\WINDOWS\SYSTEM32\CRYPTSP.dll
0x00007ffdb63b0000 - 0x00007ffdb63e4000 	C:\WINDOWS\system32\rsaenh.dll
0x00007ffdb84a0000 - 0x00007ffdb8522000 	C:\WINDOWS\System32\bcryptprimitives.dll
0x00007ffdb6db0000 - 0x00007ffdb6dbc000 	C:\WINDOWS\SYSTEM32\CRYPTBASE.dll
0x00007ffdad620000 - 0x00007ffdad637000 	C:\WINDOWS\SYSTEM32\dhcpcsvc6.DLL
0x00007ffdad1d0000 - 0x00007ffdad1ed000 	C:\WINDOWS\SYSTEM32\dhcpcsvc.DLL
0x00007ffd5db60000 - 0x00007ffd5db72000 	C:\Program Files\Java\jre1.8.0_202\bin\nio.dll
0x00007ffd9fa90000 - 0x00007ffd9fa9d000 	C:\Program Files\Java\jre1.8.0_202\bin\management.dll
0x00007ffdb3a10000 - 0x00007ffdb3aa1000 	C:\WINDOWS\system32\apphelp.dll
0x00007ffd50bc0000 - 0x00007ffd50be4000 	C:\Program Files\Java\jre1.8.0_202\bin\sunec.dll
0x00007ffdb2190000 - 0x00007ffdb219b000 	C:\Program Files\Java\jre1.8.0_202\bin\sunmscapi.dll
0x00007ffdb7e10000 - 0x00007ffdb7f6e000 	C:\WINDOWS\System32\CRYPT32.dll
0x00007ffdb5690000 - 0x00007ffdb5874000 	C:\WINDOWS\SYSTEM32\dbghelp.dll

VM Arguments:
jvm_args: -agentlib:jdwp=transport=dt_socket,suspend=y,address=localhost:51011 -ea -Dfile.encoding=Cp1252 
java_command: org.testng.remote.RemoteTestNG -serport 51010 -protocol json -d C:\Users\s6p1\eclipse-workspace\gis-geomart-tami-automation-suite\test-output C:\Users\s6p1\AppData\Local\Temp\1\testng-eclipse--1559492497\testng-customsuite.xml
java_class_path (initial): C:\eclipse\configuration\org.eclipse.osgi\530\0\.cp\lib\testng-remote.jar;C:\Users\s6p1\eclipse-workspace\gis-geomart-tami-automation-suite\target\test-classes;C:\Users\s6p1\eclipse-workspace\gis-geomart-tami-automation-suite\target\classes;C:\Users\s6p1\.m2\repository\org\seleniumhq\selenium\selenium-java\4.6.0\selenium-java-4.6.0.jar;C:\Users\s6p1\.m2\repository\org\seleniumhq\selenium\selenium-api\4.6.0\selenium-api-4.6.0.jar;C:\Users\s6p1\.m2\repository\org\seleniumhq\selenium\selenium-chrome-driver\4.6.0\selenium-chrome-driver-4.6.0.jar;C:\Users\s6p1\.m2\repository\com\google\auto\service\auto-service-annotations\1.0.1\auto-service-annotations-1.0.1.jar;C:\Users\s6p1\.m2\repository\com\google\auto\service\auto-service\1.0.1\auto-service-1.0.1.jar;C:\Users\s6p1\.m2\repository\com\google\auto\auto-common\1.2\auto-common-1.2.jar;C:\Users\s6p1\.m2\repository\com\google\guava\guava\31.1-jre\guava-31.1-jre.jar;C:\Users\s6p1\.m2\repository\com\google\guava\listenablefuture\9999.0-empty-to-avoid-conflict-with-guava\listenablefuture-9999.0-empty-to-avoid-conflict-with-guava.jar;C:\Users\s6p1\.m2\repository\org\checkerframework\checker-qual\3.12.0\checker-qual-3.12.0.jar;C:\Users\s6p1\.m2\repository\com\google\errorprone\error_prone_annotations\2.11.0\error_prone_annotations-2.11.0.jar;C:\Users\s6p1\.m2\repository\com\google\j2objc\j2objc-annotations\1.3\j2objc-annotations-1.3.jar;C:\Users\s6p1\.m2\repository\org\seleniumhq\selenium\selenium-chromium-driver\4.6.0\selenium-chromium-driver-4.6.0.jar;C:\Users\s6p1\.m2\repository\org\seleniumhq\selenium\selenium-json\4.6.0\selenium-json-4.6.0.jar;C:\Users\s6p1\.m2\repository\org\seleniumhq\selenium\selenium-devtools-v105\4.6.0\selenium-devtools-v105-4.6.0.jar;C:\Users\s6p1\.m2\repository\org\seleniumhq\selenium\selenium-devtools-v106\4.6.0\selenium-devtools-v106-4.6.0.jar;C:\Users\s6p1\.m2\repository\org\seleniumhq\selenium\selenium-devtools-v107\4.6.0\selenium-devtools-v107-4.6.0.jar;C:\Users\s6
Launcher Type: SUN_STANDARD

Environment Variables:
JAVA_HOME=C:\Program Files\Java\jre1.8.0_202
PATH=C:/Program Files/Java/jre1.8.0_202/bin/server;C:/Program Files/Java/jre1.8.0_202/bin;C:/Program Files/Java/jre1.8.0_202/lib/amd64;C:\Program Files (x86)\Common Files\Oracle\Java\javapath;C:\WINDOWS\system32;C:\WINDOWS;C:\WINDOWS\System32\Wbem;C:\WINDOWS\System32\WindowsPowerShell\v1.0\;C:\WINDOWS\System32\OpenSSH\;C:\Program Files (x86)\apache-maven-3.6.0\BIN;C:\Program Files (x86)\Micro Focus\Unified Functional Testing\bin;C:\Program Files (x86)\OpenText\Viewer\bin;C:\Program Files\Microsoft VS Code\bin;C:\Program Files\Citrix\System32\;C:\Program Files\Citrix\ICAService\;C:\Program Files\Git\cmd;C:\Program Files (x86)\apache-maven-3.9.0\\bin;C:\Users\s6p1\Anaconda3;C:\Users\s6p1\Anaconda3\Library\mingw-w64\bin;C:\Users\s6p1\Anaconda3\Library\usr\bin;C:\Users\s6p1\Anaconda3\Library\bin;C:\Users\s6p1\Anaconda3\Scripts;C:\Users\s6p1\AppData\Local\Microsoft\WindowsApps;C:\Program Files\Java\jre1.8.0_202\bin;C:\Program Files (x86)\apache-maven-3.6.0\bin;C:\Users\s6p1\AppData\Local\Programs\Git LFS;C:\Users\s6p1\AppData\Local\GitHubDesktop\bin;C:\eclipse;
USERNAME=S6P1
OS=Windows_NT
PROCESSOR_IDENTIFIER=Intel64 Family 6 Model 58 Stepping 0, GenuineIntel



---------------  S Y S T E M  ---------------

OS: Windows 10.0 , 64 bit Build 19041 (10.0.19041.2913)

CPU:total 2 (initial active 2) (1 cores per cpu, 1 threads per core) family 6 model 58 stepping 0, cmov, cx8, fxsr, mmx, sse, sse2, sse3, ssse3, sse4.1, sse4.2, popcnt, avx, aes, clmul, erms, tsc, tscinvbit, tscinv

Memory: 4k page, physical 8388084k(1794784k free), swap 16514548k(7831044k free)

vm_info: Java HotSpot(TM) 64-Bit Server VM (25.202-b08) for windows-amd64 JRE (1.8.0_202-b08), built on Dec 15 2018 19:54:30 by "java_re" with MS VC++ 10.0 (VS2010)

time: Wed May 31 16:22:26 2023
timezone: India Standard Time
elapsed time: 767 seconds (0d 0h 12m 47s)

